2023-04-03 00:28:55.738161 - Initialized conversion of CBT467
2023-04-03 00:28:56.421954 - Received CBT.V504.FILE467.PDS from FILE467.XMI 
2023-04-03 00:28:56.424339 - Found $$$#DATE.txt (text/plain) in CBT.V504.FILE467.PDS, moved to PDS/$$$#DATE
2023-04-03 00:28:56.425460 - Found $BR.txt (text/plain) in CBT.V504.FILE467.PDS, moved to PDS/$BR
2023-04-03 00:28:56.427008 - Found $BREAKSE.txt (text/plain) in CBT.V504.FILE467.PDS, moved to PDS/$BREAKSE
2023-04-03 00:28:56.428144 - Found $COMMAND.txt (text/plain) in CBT.V504.FILE467.PDS, moved to PDS/$COMMAND
2023-04-03 00:28:56.429427 - Found $CURSOR.txt (text/plain) in CBT.V504.FILE467.PDS, moved to PDS/$CURSOR
2023-04-03 00:28:56.430434 - Found $DOWN.txt (text/plain) in CBT.V504.FILE467.PDS, moved to PDS/$DOWN
2023-04-03 00:28:56.431468 - Found $DSM.txt (text/plain) in CBT.V504.FILE467.PDS, moved to PDS/$DSM
2023-04-03 00:28:56.432926 - Found $DSNLIST.txt (text/plain) in CBT.V504.FILE467.PDS, moved to PDS/$DSNLIST
2023-04-03 00:28:56.434100 - Found $ED.txt (text/plain) in CBT.V504.FILE467.PDS, moved to PDS/$ED
2023-04-03 00:28:56.435206 - Found $END.txt (text/plain) in CBT.V504.FILE467.PDS, moved to PDS/$END
2023-04-03 00:28:56.436485 - Found $HELP.txt (text/plain) in CBT.V504.FILE467.PDS, moved to PDS/$HELP
2023-04-03 00:28:56.437535 - Found $HOLD.txt (text/plain) in CBT.V504.FILE467.PDS, moved to PDS/$HOLD
2023-04-03 00:28:56.438538 - Found $IBM.txt (text/plain) in CBT.V504.FILE467.PDS, moved to PDS/$IBM
2023-04-03 00:28:56.439754 - Found $KBR.txt (text/plain) in CBT.V504.FILE467.PDS, moved to PDS/$KBR
2023-04-03 00:28:56.440948 - Found $KBR$2.txt (text/plain) in CBT.V504.FILE467.PDS, moved to PDS/$KBR$2
2023-04-03 00:28:56.441975 - Found $KED.txt (text/plain) in CBT.V504.FILE467.PDS, moved to PDS/$KED
2023-04-03 00:28:56.442963 - Found $KED$2.txt (text/plain) in CBT.V504.FILE467.PDS, moved to PDS/$KED$2
2023-04-03 00:28:56.443963 - Found $KEYS.txt (text/plain) in CBT.V504.FILE467.PDS, moved to PDS/$KEYS
2023-04-03 00:28:56.444901 - Found $LEFT.txt (text/plain) in CBT.V504.FILE467.PDS, moved to PDS/$LEFT
2023-04-03 00:28:56.445864 - Found $LISTA.txt (text/plain) in CBT.V504.FILE467.PDS, moved to PDS/$LISTA
2023-04-03 00:28:56.446885 - Found $LOGMSG.txt (text/plain) in CBT.V504.FILE467.PDS, moved to PDS/$LOGMSG
2023-04-03 00:28:56.447976 - Found $NOP.txt (text/plain) in CBT.V504.FILE467.PDS, moved to PDS/$NOP
2023-04-03 00:28:56.449102 - Found $PANELID.txt (text/plain) in CBT.V504.FILE467.PDS, moved to PDS/$PANELID
2023-04-03 00:28:56.450119 - Found $PFKINIT.txt (text/plain) in CBT.V504.FILE467.PDS, moved to PDS/$PFKINIT
2023-04-03 00:28:56.451162 - Found $PRINT.txt (text/plain) in CBT.V504.FILE467.PDS, moved to PDS/$PRINT
2023-04-03 00:28:56.452180 - Found $PRINT@H.txt (text/plain) in CBT.V504.FILE467.PDS, moved to PDS/$PRINT@H
2023-04-03 00:28:56.453106 - Found $PRINTL.txt (text/plain) in CBT.V504.FILE467.PDS, moved to PDS/$PRINTL
2023-04-03 00:28:56.454046 - Found $PRINTL@.txt (text/plain) in CBT.V504.FILE467.PDS, moved to PDS/$PRINTL@
2023-04-03 00:28:56.454990 - Found $PRINTLH.txt (text/plain) in CBT.V504.FILE467.PDS, moved to PDS/$PRINTLH
2023-04-03 00:28:56.455882 - Found $RCHANGE.txt (text/plain) in CBT.V504.FILE467.PDS, moved to PDS/$RCHANGE
2023-04-03 00:28:56.456782 - Found $RETURN.txt (text/plain) in CBT.V504.FILE467.PDS, moved to PDS/$RETURN
2023-04-03 00:28:56.457702 - Found $RFIND.txt (text/plain) in CBT.V504.FILE467.PDS, moved to PDS/$RFIND
2023-04-03 00:28:56.458603 - Found $RIGHT.txt (text/plain) in CBT.V504.FILE467.PDS, moved to PDS/$RIGHT
2023-04-03 00:28:56.459646 - Found $SECURE.txt (text/plain) in CBT.V504.FILE467.PDS, moved to PDS/$SECURE
2023-04-03 00:28:56.460639 - Found $SPLIT.txt (text/plain) in CBT.V504.FILE467.PDS, moved to PDS/$SPLIT
2023-04-03 00:28:56.461623 - Found $SPLITV.txt (text/plain) in CBT.V504.FILE467.PDS, moved to PDS/$SPLITV
2023-04-03 00:28:56.462709 - Found $SUGGEST.txt (text/plain) in CBT.V504.FILE467.PDS, moved to PDS/$SUGGEST
2023-04-03 00:28:56.463786 - Found $SWAP.txt (text/plain) in CBT.V504.FILE467.PDS, moved to PDS/$SWAP
2023-04-03 00:28:56.464726 - Found $TSO.txt (text/plain) in CBT.V504.FILE467.PDS, moved to PDS/$TSO
2023-04-03 00:28:56.465648 - Found $TSOCMD.txt (text/plain) in CBT.V504.FILE467.PDS, moved to PDS/$TSOCMD
2023-04-03 00:28:56.466550 - Found $UP.txt (text/plain) in CBT.V504.FILE467.PDS, moved to PDS/$UP
2023-04-03 00:28:56.467489 - Found @FILE467.txt (text/plain) in CBT.V504.FILE467.PDS, moved to PDS/@FILE467
2023-04-03 00:28:56.468386 - Found BRDDSN.txt (text/plain) in CBT.V504.FILE467.PDS, moved to PDS/BRDDSN
2023-04-03 00:28:56.469303 - Found BRKPE010.txt (text/plain) in CBT.V504.FILE467.PDS, moved to PDS/BRKPE010
2023-04-03 00:28:56.470260 - Found CMDB.txt (text/plain) in CBT.V504.FILE467.PDS, moved to PDS/CMDB
2023-04-03 00:28:56.471246 - Found CMDB1.txt (text/plain) in CBT.V504.FILE467.PDS, moved to PDS/CMDB1
2023-04-03 00:28:56.472262 - Found CNADKBR.txt (text/plain) in CBT.V504.FILE467.PDS, moved to PDS/CNADKBR
2023-04-03 00:28:56.473232 - Found CNADKED.txt (text/plain) in CBT.V504.FILE467.PDS, moved to PDS/CNADKED
2023-04-03 00:28:56.474245 - Found COMHMAN.txt (text/plain) in CBT.V504.FILE467.PDS, moved to PDS/COMHMAN
2023-04-03 00:28:56.475345 - Found DSINDX01.txt (text/plain) in CBT.V504.FILE467.PDS, moved to PDS/DSINDX01
2023-04-03 00:28:56.476367 - Found DSINDX02.txt (text/plain) in CBT.V504.FILE467.PDS, moved to PDS/DSINDX02
2023-04-03 00:28:56.477595 - Found DSINDX03.txt (text/plain) in CBT.V504.FILE467.PDS, moved to PDS/DSINDX03
2023-04-03 00:28:56.479031 - Found DSINDX04.txt (text/plain) in CBT.V504.FILE467.PDS, moved to PDS/DSINDX04
2023-04-03 00:28:56.480256 - Found DSNBMGF.txt (text/plain) in CBT.V504.FILE467.PDS, moved to PDS/DSNBMGF
2023-04-03 00:28:56.481388 - Found DSNBMGFL.txt (text/plain) in CBT.V504.FILE467.PDS, moved to PDS/DSNBMGFL
2023-04-03 00:28:56.482369 - Found DSNBMGF1.txt (text/plain) in CBT.V504.FILE467.PDS, moved to PDS/DSNBMGF1
2023-04-03 00:28:56.483381 - Found DSND.txt (text/plain) in CBT.V504.FILE467.PDS, moved to PDS/DSND
2023-04-03 00:28:56.484748 - Found DSNHMGF.txt (text/plain) in CBT.V504.FILE467.PDS, moved to PDS/DSNHMGF
2023-04-03 00:28:56.485848 - Found DSNHMGFA.txt (text/plain) in CBT.V504.FILE467.PDS, moved to PDS/DSNHMGFA
2023-04-03 00:28:56.486869 - Found DSNHMGFB.txt (text/plain) in CBT.V504.FILE467.PDS, moved to PDS/DSNHMGFB
2023-04-03 00:28:56.487879 - Found DSNHMGFC.txt (text/plain) in CBT.V504.FILE467.PDS, moved to PDS/DSNHMGFC
2023-04-03 00:28:56.488917 - Found DSNHMGFD.txt (text/plain) in CBT.V504.FILE467.PDS, moved to PDS/DSNHMGFD
2023-04-03 00:28:56.489911 - Found DSNHMGFE.txt (text/plain) in CBT.V504.FILE467.PDS, moved to PDS/DSNHMGFE
2023-04-03 00:28:56.490948 - Found DSNHMGFF.txt (text/plain) in CBT.V504.FILE467.PDS, moved to PDS/DSNHMGFF
2023-04-03 00:28:56.491911 - Found DSNHMGFG.txt (text/plain) in CBT.V504.FILE467.PDS, moved to PDS/DSNHMGFG
2023-04-03 00:28:56.492980 - Found DSNHMGFH.txt (text/plain) in CBT.V504.FILE467.PDS, moved to PDS/DSNHMGFH
2023-04-03 00:28:56.494061 - Found DSNHMGFI.txt (text/plain) in CBT.V504.FILE467.PDS, moved to PDS/DSNHMGFI
2023-04-03 00:28:56.495142 - Found DSNHMGFJ.txt (text/plain) in CBT.V504.FILE467.PDS, moved to PDS/DSNHMGFJ
2023-04-03 00:28:56.496143 - Found DSNHMGF1.txt (text/plain) in CBT.V504.FILE467.PDS, moved to PDS/DSNHMGF1
2023-04-03 00:28:56.497166 - Found DSNHMGF2.txt (text/plain) in CBT.V504.FILE467.PDS, moved to PDS/DSNHMGF2
2023-04-03 00:28:56.498187 - Found DSNHMGF3.txt (text/plain) in CBT.V504.FILE467.PDS, moved to PDS/DSNHMGF3
2023-04-03 00:28:56.499204 - Found DSNHMGF4.txt (text/plain) in CBT.V504.FILE467.PDS, moved to PDS/DSNHMGF4
2023-04-03 00:28:56.500152 - Found DSNHMGF9.txt (text/plain) in CBT.V504.FILE467.PDS, moved to PDS/DSNHMGF9
2023-04-03 00:28:56.501165 - Found EDDDSN.txt (text/plain) in CBT.V504.FILE467.PDS, moved to PDS/EDDDSN
2023-04-03 00:28:56.502206 - Found EDTD.txt (text/plain) in CBT.V504.FILE467.PDS, moved to PDS/EDTD
2023-04-03 00:28:56.503212 - Found EDTH.txt (text/plain) in CBT.V504.FILE467.PDS, moved to PDS/EDTH
2023-04-03 00:28:56.504243 - Found JOBBLIST.txt (text/plain) in CBT.V504.FILE467.PDS, moved to PDS/JOBBLIST
2023-04-03 00:28:56.505241 - Found JOBHLIST.txt (text/plain) in CBT.V504.FILE467.PDS, moved to PDS/JOBHLIST
2023-04-03 00:28:56.506244 - Found LOGDMSG.txt (text/plain) in CBT.V504.FILE467.PDS, moved to PDS/LOGDMSG
2023-04-03 00:28:56.507429 - Found LSPDP1.txt (text/plain) in CBT.V504.FILE467.PDS, moved to PDS/LSPDP1
2023-04-03 00:28:56.508409 - Found LSPDP2.txt (text/plain) in CBT.V504.FILE467.PDS, moved to PDS/LSPDP2
2023-04-03 00:28:56.509430 - Found LSTDA.txt (text/plain) in CBT.V504.FILE467.PDS, moved to PDS/LSTDA
2023-04-03 00:28:56.510466 - Found LSTHA.txt (text/plain) in CBT.V504.FILE467.PDS, moved to PDS/LSTHA
2023-04-03 00:28:56.511431 - Found MENU.txt (text/plain) in CBT.V504.FILE467.PDS, moved to PDS/MENU
2023-04-03 00:28:56.512387 - Found NTABLADS.txt (text/plain) in CBT.V504.FILE467.PDS, moved to PDS/NTABLADS
2023-04-03 00:28:56.513367 - Found NTALFAIL.txt (text/plain) in CBT.V504.FILE467.PDS, moved to PDS/NTALFAIL
2023-04-03 00:28:56.514223 - Found NTERRPNL.txt (text/plain) in CBT.V504.FILE467.PDS, moved to PDS/NTERRPNL
2023-04-03 00:28:56.515142 - Found NTEXTEND.txt (text/plain) in CBT.V504.FILE467.PDS, moved to PDS/NTEXTEND
2023-04-03 00:28:56.516184 - Found NTGENL#1.txt (text/plain) in CBT.V504.FILE467.PDS, moved to PDS/NTGENL#1
2023-04-03 00:28:56.517178 - Found NTGENL#2.txt (text/plain) in CBT.V504.FILE467.PDS, moved to PDS/NTGENL#2
2023-04-03 00:28:56.518285 - Found NTIB3277.txt (text/plain) in CBT.V504.FILE467.PDS, moved to PDS/NTIB3277
2023-04-03 00:28:56.519256 - Found NTIB3279.txt (text/plain) in CBT.V504.FILE467.PDS, moved to PDS/NTIB3279
2023-04-03 00:28:56.520324 - Found NTLINBAD.txt (text/plain) in CBT.V504.FILE467.PDS, moved to PDS/NTLINBAD
2023-04-03 00:28:56.521532 - Found NTMDMBAD.txt (text/plain) in CBT.V504.FILE467.PDS, moved to PDS/NTMDMBAD
2023-04-03 00:28:56.522545 - Found NTMORSTG.txt (text/plain) in CBT.V504.FILE467.PDS, moved to PDS/NTMORSTG
2023-04-03 00:28:56.523623 - Found NTNOROOM.txt (text/plain) in CBT.V504.FILE467.PDS, moved to PDS/NTNOROOM
2023-04-03 00:28:56.524634 - Found NTNOSPLT.txt (text/plain) in CBT.V504.FILE467.PDS, moved to PDS/NTNOSPLT
2023-04-03 00:28:56.525634 - Found NTPR#PNL.txt (text/plain) in CBT.V504.FILE467.PDS, moved to PDS/NTPR#PNL
2023-04-03 00:28:56.526740 - Found NTPRBTYP.txt (text/plain) in CBT.V504.FILE467.PDS, moved to PDS/NTPRBTYP
2023-04-03 00:28:56.527704 - Found NTR24LSI.txt (text/plain) in CBT.V504.FILE467.PDS, moved to PDS/NTR24LSI
2023-04-03 00:28:56.528598 - Found NTTERBAD.txt (text/plain) in CBT.V504.FILE467.PDS, moved to PDS/NTTERBAD
2023-04-03 00:28:56.529500 - Found NT1STPNL.txt (text/plain) in CBT.V504.FILE467.PDS, moved to PDS/NT1STPNL
2023-04-03 00:28:56.530547 - Found PDSDXREF.txt (text/plain) in CBT.V504.FILE467.PDS, moved to PDS/PDSDXREF
2023-04-03 00:28:56.531589 - Found PDSDXRE2.txt (text/plain) in CBT.V504.FILE467.PDS, moved to PDS/PDSDXRE2
2023-04-03 00:28:56.532651 - Found PDSDXRE3.txt (text/plain) in CBT.V504.FILE467.PDS, moved to PDS/PDSDXRE3
2023-04-03 00:28:56.533633 - Found TDSINDX0.txt (text/plain) in CBT.V504.FILE467.PDS, moved to PDS/TDSINDX0
2023-04-03 00:28:56.534717 - Found TDSINDX1.txt (text/plain) in CBT.V504.FILE467.PDS, moved to PDS/TDSINDX1
2023-04-03 00:28:56.535801 - Found TRMDLCK1.txt (text/plain) in CBT.V504.FILE467.PDS, moved to PDS/TRMDLCK1
2023-04-03 00:28:56.536875 - Found TRMDLCK2.txt (text/plain) in CBT.V504.FILE467.PDS, moved to PDS/TRMDLCK2
2023-04-03 00:28:56.537936 - Found TSOBHELP.txt (text/plain) in CBT.V504.FILE467.PDS, moved to PDS/TSOBHELP
2023-04-03 00:28:56.539007 - Found TSOD.txt (text/plain) in CBT.V504.FILE467.PDS, moved to PDS/TSOD
2023-04-03 00:28:56.540057 - Found TUTPC050.txt (text/plain) in CBT.V504.FILE467.PDS, moved to PDS/TUTPC050
2023-04-03 00:28:56.540978 - Found TUTPE010.txt (text/plain) in CBT.V504.FILE467.PDS, moved to PDS/TUTPE010
2023-04-03 00:28:56.541863 - Found TUTPT001.txt (text/plain) in CBT.V504.FILE467.PDS, moved to PDS/TUTPT001
2023-04-03 00:28:56.542804 - Found TUTPT010.txt (text/plain) in CBT.V504.FILE467.PDS, moved to PDS/TUTPT010
2023-04-03 00:28:56.543666 - Found TUTPT021.txt (text/plain) in CBT.V504.FILE467.PDS, moved to PDS/TUTPT021
2023-04-03 00:28:56.544632 - Found TUTPT031.txt (text/plain) in CBT.V504.FILE467.PDS, moved to PDS/TUTPT031
2023-04-03 00:28:56.545778 - Found TUTPT040.txt (text/plain) in CBT.V504.FILE467.PDS, moved to PDS/TUTPT040
2023-04-03 00:28:56.546872 - Found TUTPT060.txt (text/plain) in CBT.V504.FILE467.PDS, moved to PDS/TUTPT060
2023-04-03 00:28:56.548460 - Found TUTPT062.txt (text/plain) in CBT.V504.FILE467.PDS, moved to PDS/TUTPT062
2023-04-03 00:28:56.549802 - Found TUTPT063.txt (text/plain) in CBT.V504.FILE467.PDS, moved to PDS/TUTPT063
2023-04-03 00:28:56.550802 - Found TUTPT064.txt (text/plain) in CBT.V504.FILE467.PDS, moved to PDS/TUTPT064
2023-04-03 00:28:56.552103 - Found TUTPT065.txt (text/plain) in CBT.V504.FILE467.PDS, moved to PDS/TUTPT065
2023-04-03 00:28:56.553165 - Found TUTPT066.txt (text/plain) in CBT.V504.FILE467.PDS, moved to PDS/TUTPT066
2023-04-03 00:28:56.554133 - Found TUTPT070.txt (text/plain) in CBT.V504.FILE467.PDS, moved to PDS/TUTPT070
2023-04-03 00:28:56.555239 - Found TUTPT080.txt (text/plain) in CBT.V504.FILE467.PDS, moved to PDS/TUTPT080
